Gym has been unmaintained since 2022 and does not support NumPy 2.0 amongst other critical functionality.
Please upgrade to Gymnasium, the maintained drop-in replacement of Gym, or contact the authors of your software and request that they upgrade.
Users of this version of Gym should be able to simply replace 'import gym' with 'import gymnasium as gym' in the vast majority of cases.
See the migration guide at https://gymnasium.farama.org/introduction/migration_guide/ for additional information.
[H-rep] episodes=20000  start_ep=0  ckpt_dir=checkpoints/hrep
H-Rep rollout     0 | recent=-0.55 | best=-inf
*** NEW BEST H-REP  (avg=1.11) at rollout 6 ***
*** NEW BEST H-REP  (avg=1.21) at rollout 7 ***
H-Rep rollout   100 | recent=1.35 | best=1.21
*** NEW BEST H-REP  (avg=1.23) at rollout 101 ***
*** NEW BEST H-REP  (avg=1.31) at rollout 102 ***
*** NEW BEST H-REP  (avg=1.57) at rollout 106 ***
*** NEW BEST H-REP  (avg=1.61) at rollout 117 ***
*** NEW BEST H-REP  (avg=2.19) at rollout 118 ***
*** NEW BEST H-REP  (avg=2.23) at rollout 137 ***
*** NEW BEST H-REP  (avg=2.44) at rollout 147 ***
*** NEW BEST H-REP  (avg=2.54) at rollout 149 ***
*** NEW BEST H-REP  (avg=3.08) at rollout 163 ***
*** NEW BEST H-REP  (avg=3.11) at rollout 167 ***
*** NEW BEST H-REP  (avg=3.67) at rollout 168 ***
*** NEW BEST H-REP  (avg=7.19) at rollout 170 ***
*** NEW BEST H-REP  (avg=7.81) at rollout 172 ***
*** NEW BEST H-REP  (avg=7.89) at rollout 173 ***
*** NEW BEST H-REP  (avg=8.36) at rollout 174 ***
H-Rep rollout   200 | recent=2.49 | best=8.36
*** NEW BEST H-REP  (avg=8.40) at rollout 250 ***
*** NEW BEST H-REP  (avg=9.05) at rollout 251 ***
*** NEW BEST H-REP  (avg=9.06) at rollout 252 ***
*** NEW BEST H-REP  (avg=9.88) at rollout 255 ***
H-Rep rollout   300 | recent=6.55 | best=9.88
*** NEW BEST H-REP  (avg=10.65) at rollout 332 ***
H-Rep rollout   400 | recent=9.27 | best=10.65
*** NEW BEST H-REP  (avg=11.51) at rollout 467 ***
H-Rep rollout   500 | recent=6.69 | best=11.51
[H-rep] checkpoint saved → ep=500
*** NEW BEST H-REP  (avg=11.68) at rollout 546 ***
H-Rep rollout   600 | recent=6.51 | best=11.68
*** NEW BEST H-REP  (avg=12.21) at rollout 603 ***
*** NEW BEST H-REP  (avg=12.34) at rollout 668 ***
H-Rep rollout   700 | recent=12.09 | best=12.34
H-Rep rollout   800 | recent=12.35 | best=12.34
H-Rep rollout   900 | recent=8.46 | best=12.34
*** NEW BEST H-REP  (avg=12.39) at rollout 912 ***
*** NEW BEST H-REP  (avg=13.22) at rollout 913 ***
*** NEW BEST H-REP  (avg=13.35) at rollout 967 ***
*** NEW BEST H-REP  (avg=13.96) at rollout 968 ***
*** NEW BEST H-REP  (avg=14.03) at rollout 986 ***
H-Rep rollout  1000 | recent=9.72 | best=14.03
[H-rep] checkpoint saved → ep=1000
H-Rep rollout  1100 | recent=9.57 | best=14.03
H-Rep rollout  1200 | recent=11.10 | best=14.03
H-Rep rollout  1300 | recent=11.40 | best=14.03
H-Rep rollout  1400 | recent=10.10 | best=14.03
*** NEW BEST H-REP  (avg=14.04) at rollout 1466 ***
*** NEW BEST H-REP  (avg=14.12) at rollout 1491 ***
H-Rep rollout  1500 | recent=12.38 | best=14.12
[H-rep] checkpoint saved → ep=1500
*** NEW BEST H-REP  (avg=14.19) at rollout 1579 ***
H-Rep rollout  1600 | recent=12.52 | best=14.19
*** NEW BEST H-REP  (avg=14.24) at rollout 1672 ***
H-Rep rollout  1700 | recent=13.97 | best=14.24
H-Rep rollout  1800 | recent=13.81 | best=14.24
*** NEW BEST H-REP  (avg=14.24) at rollout 1816 ***
*** NEW BEST H-REP  (avg=14.27) at rollout 1851 ***
*** NEW BEST H-REP  (avg=14.27) at rollout 1857 ***
*** NEW BEST H-REP  (avg=14.28) at rollout 1860 ***
*** NEW BEST H-REP  (avg=14.30) at rollout 1863 ***
*** NEW BEST H-REP  (avg=14.30) at rollout 1866 ***
H-Rep rollout  1900 | recent=13.89 | best=14.30
H-Rep rollout  2000 | recent=14.12 | best=14.30
[H-rep] checkpoint saved → ep=2000
H-Rep rollout  2100 | recent=14.28 | best=14.30
*** NEW BEST H-REP  (avg=14.31) at rollout 2155 ***
*** NEW BEST H-REP  (avg=14.31) at rollout 2196 ***
*** NEW BEST H-REP  (avg=14.32) at rollout 2200 ***
H-Rep rollout  2200 | recent=14.31 | best=14.32
*** NEW BEST H-REP  (avg=14.32) at rollout 2214 ***
*** NEW BEST H-REP  (avg=14.32) at rollout 2218 ***
*** NEW BEST H-REP  (avg=14.33) at rollout 2229 ***
*** NEW BEST H-REP  (avg=14.33) at rollout 2235 ***
*** NEW BEST H-REP  (avg=14.33) at rollout 2239 ***
H-Rep rollout  2300 | recent=14.32 | best=14.33
*** NEW BEST H-REP  (avg=14.33) at rollout 2314 ***
*** NEW BEST H-REP  (avg=14.33) at rollout 2368 ***
*** NEW BEST H-REP  (avg=14.33) at rollout 2388 ***
*** NEW BEST H-REP  (avg=14.33) at rollout 2391 ***
*** NEW BEST H-REP  (avg=14.33) at rollout 2396 ***
H-Rep rollout  2400 | recent=14.32 | best=14.33
*** NEW BEST H-REP  (avg=14.34) at rollout 2437 ***
*** NEW BEST H-REP  (avg=14.34) at rollout 2463 ***
*** NEW BEST H-REP  (avg=14.34) at rollout 2467 ***
*** NEW BEST H-REP  (avg=14.34) at rollout 2500 ***
H-Rep rollout  2500 | recent=14.34 | best=14.34
[H-rep] checkpoint saved → ep=2500
H-Rep rollout  2600 | recent=14.34 | best=14.34
H-Rep rollout  2700 | recent=14.33 | best=14.34
H-Rep rollout  2800 | recent=14.33 | best=14.34
H-Rep rollout  2900 | recent=14.33 | best=14.34
H-Rep rollout  3000 | recent=14.33 | best=14.34
[H-rep] checkpoint saved → ep=3000
*** NEW BEST H-REP  (avg=14.34) at rollout 3057 ***
H-Rep rollout  3100 | recent=14.34 | best=14.34
H-Rep rollout  3200 | recent=14.33 | best=14.34
H-Rep rollout  3300 | recent=14.33 | best=14.34
H-Rep rollout  3400 | recent=14.34 | best=14.34
H-Rep rollout  3500 | recent=14.33 | best=14.34
[H-rep] checkpoint saved → ep=3500
*** NEW BEST H-REP  (avg=14.34) at rollout 3531 ***
*** NEW BEST H-REP  (avg=14.34) at rollout 3598 ***
H-Rep rollout  3600 | recent=14.33 | best=14.34
*** NEW BEST H-REP  (avg=14.34) at rollout 3604 ***
*** NEW BEST H-REP  (avg=14.34) at rollout 3608 ***
H-Rep rollout  3700 | recent=14.33 | best=14.34
H-Rep rollout  3800 | recent=14.33 | best=14.34
H-Rep rollout  3900 | recent=14.34 | best=14.34
H-Rep rollout  4000 | recent=14.34 | best=14.34
[H-rep] checkpoint saved → ep=4000
H-Rep rollout  4100 | recent=14.33 | best=14.34
H-Rep rollout  4200 | recent=14.33 | best=14.34
H-Rep rollout  4300 | recent=14.34 | best=14.34
H-Rep rollout  4400 | recent=14.34 | best=14.34
H-Rep rollout  4500 | recent=14.33 | best=14.34
[H-rep] checkpoint saved → ep=4500
H-Rep rollout  4600 | recent=14.33 | best=14.34
H-Rep rollout  4700 | recent=14.34 | best=14.34
H-Rep rollout  4800 | recent=14.34 | best=14.34
H-Rep rollout  4900 | recent=14.33 | best=14.34
H-Rep rollout  5000 | recent=14.34 | best=14.34
[H-rep] checkpoint saved → ep=5000
H-Rep rollout  5100 | recent=14.34 | best=14.34
H-Rep rollout  5200 | recent=14.34 | best=14.34
H-Rep rollout  5300 | recent=14.33 | best=14.34
H-Rep rollout  5400 | recent=14.34 | best=14.34
H-Rep rollout  5500 | recent=14.33 | best=14.34
[H-rep] checkpoint saved → ep=5500
H-Rep rollout  5600 | recent=14.34 | best=14.34
H-Rep rollout  5700 | recent=14.33 | best=14.34
H-Rep rollout  5800 | recent=14.34 | best=14.34
H-Rep rollout  5900 | recent=14.33 | best=14.34
H-Rep rollout  6000 | recent=14.34 | best=14.34
[H-rep] checkpoint saved → ep=6000
H-Rep rollout  6100 | recent=14.33 | best=14.34
H-Rep rollout  6200 | recent=14.34 | best=14.34
H-Rep rollout  6300 | recent=14.34 | best=14.34
H-Rep rollout  6400 | recent=14.33 | best=14.34
H-Rep rollout  6500 | recent=14.34 | best=14.34
[H-rep] checkpoint saved → ep=6500
H-Rep rollout  6600 | recent=14.33 | best=14.34
H-Rep rollout  6700 | recent=14.34 | best=14.34
H-Rep rollout  6800 | recent=14.34 | best=14.34
H-Rep rollout  6900 | recent=14.33 | best=14.34
H-Rep rollout  7000 | recent=14.34 | best=14.34
[H-rep] checkpoint saved → ep=7000
H-Rep rollout  7100 | recent=14.33 | best=14.34
H-Rep rollout  7200 | recent=14.34 | best=14.34
H-Rep rollout  7300 | recent=14.33 | best=14.34
H-Rep rollout  7400 | recent=14.33 | best=14.34
H-Rep rollout  7500 | recent=14.34 | best=14.34
[H-rep] checkpoint saved → ep=7500
H-Rep rollout  7600 | recent=14.33 | best=14.34
H-Rep rollout  7700 | recent=14.33 | best=14.34
H-Rep rollout  7800 | recent=14.33 | best=14.34
H-Rep rollout  7900 | recent=14.33 | best=14.34
H-Rep rollout  8000 | recent=14.33 | best=14.34
[H-rep] checkpoint saved → ep=8000
H-Rep rollout  8100 | recent=14.33 | best=14.34
H-Rep rollout  8200 | recent=14.34 | best=14.34
H-Rep rollout  8300 | recent=14.33 | best=14.34
H-Rep rollout  8400 | recent=14.34 | best=14.34
H-Rep rollout  8500 | recent=14.33 | best=14.34
[H-rep] checkpoint saved → ep=8500
H-Rep rollout  8600 | recent=14.33 | best=14.34
H-Rep rollout  8700 | recent=14.33 | best=14.34
H-Rep rollout  8800 | recent=14.34 | best=14.34
H-Rep rollout  8900 | recent=14.34 | best=14.34
H-Rep rollout  9000 | recent=14.34 | best=14.34
[H-rep] checkpoint saved → ep=9000
H-Rep rollout  9100 | recent=14.33 | best=14.34
H-Rep rollout  9200 | recent=14.33 | best=14.34
H-Rep rollout  9300 | recent=14.34 | best=14.34
H-Rep rollout  9400 | recent=14.33 | best=14.34
H-Rep rollout  9500 | recent=14.33 | best=14.34
[H-rep] checkpoint saved → ep=9500
H-Rep rollout  9600 | recent=14.33 | best=14.34
H-Rep rollout  9700 | recent=14.33 | best=14.34
H-Rep rollout  9800 | recent=14.34 | best=14.34
H-Rep rollout  9900 | recent=14.33 | best=14.34
H-Rep rollout 10000 | recent=14.34 | best=14.34
[H-rep] checkpoint saved → ep=10000
H-Rep rollout 10100 | recent=14.34 | best=14.34
H-Rep rollout 10200 | recent=14.34 | best=14.34
H-Rep rollout 10300 | recent=14.34 | best=14.34
H-Rep rollout 10400 | recent=14.33 | best=14.34
H-Rep rollout 10500 | recent=14.34 | best=14.34
[H-rep] checkpoint saved → ep=10500
H-Rep rollout 10600 | recent=14.33 | best=14.34
H-Rep rollout 10700 | recent=14.33 | best=14.34
H-Rep rollout 10800 | recent=14.33 | best=14.34
H-Rep rollout 10900 | recent=14.33 | best=14.34
H-Rep rollout 11000 | recent=14.33 | best=14.34
[H-rep] checkpoint saved → ep=11000
H-Rep rollout 11100 | recent=14.34 | best=14.34
H-Rep rollout 11200 | recent=14.34 | best=14.34
H-Rep rollout 11300 | recent=14.33 | best=14.34
H-Rep rollout 11400 | recent=14.33 | best=14.34
H-Rep rollout 11500 | recent=14.34 | best=14.34
[H-rep] checkpoint saved → ep=11500
H-Rep rollout 11600 | recent=14.33 | best=14.34
H-Rep rollout 11700 | recent=14.34 | best=14.34
H-Rep rollout 11800 | recent=14.33 | best=14.34
H-Rep rollout 11900 | recent=14.33 | best=14.34
H-Rep rollout 12000 | recent=14.33 | best=14.34
[H-rep] checkpoint saved → ep=12000
H-Rep rollout 12100 | recent=14.33 | best=14.34
H-Rep rollout 12200 | recent=14.34 | best=14.34
H-Rep rollout 12300 | recent=14.33 | best=14.34
H-Rep rollout 12400 | recent=14.34 | best=14.34
H-Rep rollout 12500 | recent=14.34 | best=14.34
[H-rep] checkpoint saved → ep=12500
H-Rep rollout 12600 | recent=14.33 | best=14.34
H-Rep rollout 12700 | recent=14.33 | best=14.34
H-Rep rollout 12800 | recent=14.33 | best=14.34
H-Rep rollout 12900 | recent=14.33 | best=14.34
H-Rep rollout 13000 | recent=14.34 | best=14.34
[H-rep] checkpoint saved → ep=13000
H-Rep rollout 13100 | recent=14.33 | best=14.34
H-Rep rollout 13200 | recent=14.33 | best=14.34
H-Rep rollout 13300 | recent=14.34 | best=14.34
H-Rep rollout 13400 | recent=14.34 | best=14.34
H-Rep rollout 13500 | recent=14.34 | best=14.34
[H-rep] checkpoint saved → ep=13500
H-Rep rollout 13600 | recent=14.34 | best=14.34
H-Rep rollout 13700 | recent=14.34 | best=14.34
H-Rep rollout 13800 | recent=14.34 | best=14.34
H-Rep rollout 13900 | recent=14.34 | best=14.34
H-Rep rollout 14000 | recent=14.34 | best=14.34
[H-rep] checkpoint saved → ep=14000
H-Rep rollout 14100 | recent=14.34 | best=14.34
H-Rep rollout 14200 | recent=14.34 | best=14.34
H-Rep rollout 14300 | recent=14.33 | best=14.34
H-Rep rollout 14400 | recent=14.34 | best=14.34
H-Rep rollout 14500 | recent=14.34 | best=14.34
[H-rep] checkpoint saved → ep=14500
H-Rep rollout 14600 | recent=14.34 | best=14.34
H-Rep rollout 14700 | recent=14.34 | best=14.34
H-Rep rollout 14800 | recent=14.33 | best=14.34
H-Rep rollout 14900 | recent=14.34 | best=14.34
H-Rep rollout 15000 | recent=14.34 | best=14.34
[H-rep] checkpoint saved → ep=15000
H-Rep rollout 15100 | recent=14.34 | best=14.34
H-Rep rollout 15200 | recent=14.33 | best=14.34
H-Rep rollout 15300 | recent=14.34 | best=14.34
H-Rep rollout 15400 | recent=14.33 | best=14.34
H-Rep rollout 15500 | recent=14.33 | best=14.34
[H-rep] checkpoint saved → ep=15500
H-Rep rollout 15600 | recent=14.33 | best=14.34
H-Rep rollout 15700 | recent=14.33 | best=14.34
H-Rep rollout 15800 | recent=14.34 | best=14.34
H-Rep rollout 15900 | recent=14.34 | best=14.34
H-Rep rollout 16000 | recent=14.34 | best=14.34
[H-rep] checkpoint saved → ep=16000
H-Rep rollout 16100 | recent=14.33 | best=14.34
H-Rep rollout 16200 | recent=14.34 | best=14.34
H-Rep rollout 16300 | recent=14.34 | best=14.34
H-Rep rollout 16400 | recent=14.34 | best=14.34
H-Rep rollout 16500 | recent=14.33 | best=14.34
[H-rep] checkpoint saved → ep=16500
H-Rep rollout 16600 | recent=14.33 | best=14.34
H-Rep rollout 16700 | recent=14.33 | best=14.34
H-Rep rollout 16800 | recent=14.33 | best=14.34
H-Rep rollout 16900 | recent=14.34 | best=14.34
H-Rep rollout 17000 | recent=14.34 | best=14.34
[H-rep] checkpoint saved → ep=17000
H-Rep rollout 17100 | recent=14.33 | best=14.34
H-Rep rollout 17200 | recent=14.34 | best=14.34
H-Rep rollout 17300 | recent=14.33 | best=14.34
H-Rep rollout 17400 | recent=14.34 | best=14.34
H-Rep rollout 17500 | recent=14.34 | best=14.34
[H-rep] checkpoint saved → ep=17500
H-Rep rollout 17600 | recent=14.33 | best=14.34
H-Rep rollout 17700 | recent=14.34 | best=14.34
H-Rep rollout 17800 | recent=14.34 | best=14.34
H-Rep rollout 17900 | recent=14.34 | best=14.34
H-Rep rollout 18000 | recent=14.34 | best=14.34
[H-rep] checkpoint saved → ep=18000
H-Rep rollout 18100 | recent=14.34 | best=14.34
H-Rep rollout 18200 | recent=14.33 | best=14.34
H-Rep rollout 18300 | recent=14.33 | best=14.34
H-Rep rollout 18400 | recent=14.34 | best=14.34
H-Rep rollout 18500 | recent=14.34 | best=14.34
[H-rep] checkpoint saved → ep=18500
H-Rep rollout 18600 | recent=14.33 | best=14.34
H-Rep rollout 18700 | recent=14.34 | best=14.34
H-Rep rollout 18800 | recent=14.34 | best=14.34
H-Rep rollout 18900 | recent=14.33 | best=14.34
H-Rep rollout 19000 | recent=14.34 | best=14.34
[H-rep] checkpoint saved → ep=19000
H-Rep rollout 19100 | recent=14.33 | best=14.34
H-Rep rollout 19200 | recent=14.34 | best=14.34
H-Rep rollout 19300 | recent=14.33 | best=14.34
H-Rep rollout 19400 | recent=14.33 | best=14.34
H-Rep rollout 19500 | recent=14.34 | best=14.34
[H-rep] checkpoint saved → ep=19500
H-Rep rollout 19600 | recent=14.33 | best=14.34
H-Rep rollout 19700 | recent=14.34 | best=14.34
H-Rep rollout 19800 | recent=14.33 | best=14.34
H-Rep rollout 19900 | recent=14.34 | best=14.34
[H-rep] checkpoint saved → ep=19999
[H-rep] Done. Models saved to checkpoints/hrep/
