Gym has been unmaintained since 2022 and does not support NumPy 2.0 amongst other critical functionality.
Please upgrade to Gymnasium, the maintained drop-in replacement of Gym, or contact the authors of your software and request that they upgrade.
Users of this version of Gym should be able to simply replace 'import gym' with 'import gymnasium as gym' in the vast majority of cases.
See the migration guide at https://gymnasium.farama.org/introduction/migration_guide/ for additional information.
[V-rep] episodes=20000  start_ep=0  ckpt_dir=checkpoints/vrep
V-Rep rollout     0 | recent=-0.13 | best=-inf
*** NEW BEST V-REP  (avg=1.21) at rollout 6 ***
*** NEW BEST V-REP  (avg=2.13) at rollout 30 ***
*** NEW BEST V-REP  (avg=3.39) at rollout 31 ***
*** NEW BEST V-REP  (avg=4.68) at rollout 32 ***
*** NEW BEST V-REP  (avg=4.80) at rollout 34 ***
*** NEW BEST V-REP  (avg=5.19) at rollout 51 ***
*** NEW BEST V-REP  (avg=5.21) at rollout 52 ***
*** NEW BEST V-REP  (avg=5.22) at rollout 61 ***
*** NEW BEST V-REP  (avg=5.74) at rollout 76 ***
*** NEW BEST V-REP  (avg=6.56) at rollout 77 ***
V-Rep rollout   100 | recent=2.56 | best=6.56
*** NEW BEST V-REP  (avg=6.69) at rollout 103 ***
*** NEW BEST V-REP  (avg=7.97) at rollout 105 ***
*** NEW BEST V-REP  (avg=8.08) at rollout 146 ***
*** NEW BEST V-REP  (avg=9.04) at rollout 160 ***
*** NEW BEST V-REP  (avg=9.56) at rollout 164 ***
*** NEW BEST V-REP  (avg=10.07) at rollout 194 ***
V-Rep rollout   200 | recent=6.52 | best=10.07
*** NEW BEST V-REP  (avg=10.74) at rollout 214 ***
*** NEW BEST V-REP  (avg=10.90) at rollout 215 ***
*** NEW BEST V-REP  (avg=11.08) at rollout 275 ***
*** NEW BEST V-REP  (avg=12.54) at rollout 276 ***
V-Rep rollout   300 | recent=3.80 | best=12.54
*** NEW BEST V-REP  (avg=13.08) at rollout 391 ***
*** NEW BEST V-REP  (avg=13.18) at rollout 392 ***
V-Rep rollout   400 | recent=8.47 | best=13.18
V-Rep rollout   500 | recent=6.97 | best=13.18
[V-rep] checkpoint saved → ep=500
*** NEW BEST V-REP  (avg=13.76) at rollout 523 ***
V-Rep rollout   600 | recent=8.01 | best=13.76
V-Rep rollout   700 | recent=11.20 | best=13.76
V-Rep rollout   800 | recent=6.87 | best=13.76
V-Rep rollout   900 | recent=9.64 | best=13.76
*** NEW BEST V-REP  (avg=13.83) at rollout 916 ***
V-Rep rollout  1000 | recent=10.97 | best=13.83
[V-rep] checkpoint saved → ep=1000
V-Rep rollout  1100 | recent=8.44 | best=13.83
*** NEW BEST V-REP  (avg=13.91) at rollout 1135 ***
V-Rep rollout  1200 | recent=3.86 | best=13.91
V-Rep rollout  1300 | recent=11.09 | best=13.91
V-Rep rollout  1400 | recent=9.57 | best=13.91
V-Rep rollout  1500 | recent=3.60 | best=13.91
[V-rep] checkpoint saved → ep=1500
V-Rep rollout  1600 | recent=6.37 | best=13.91
V-Rep rollout  1700 | recent=5.17 | best=13.91
V-Rep rollout  1800 | recent=9.62 | best=13.91
V-Rep rollout  1900 | recent=6.68 | best=13.91
V-Rep rollout  2000 | recent=12.29 | best=13.91
[V-rep] checkpoint saved → ep=2000
V-Rep rollout  2100 | recent=9.46 | best=13.91
V-Rep rollout  2200 | recent=9.51 | best=13.91
V-Rep rollout  2300 | recent=2.87 | best=13.91
V-Rep rollout  2400 | recent=6.91 | best=13.91
V-Rep rollout  2500 | recent=8.31 | best=13.91
[V-rep] checkpoint saved → ep=2500
V-Rep rollout  2600 | recent=13.79 | best=13.91
V-Rep rollout  2700 | recent=8.47 | best=13.91
V-Rep rollout  2800 | recent=4.88 | best=13.91
V-Rep rollout  2900 | recent=8.07 | best=13.91
V-Rep rollout  3000 | recent=5.76 | best=13.91
[V-rep] checkpoint saved → ep=3000
V-Rep rollout  3100 | recent=5.52 | best=13.91
V-Rep rollout  3200 | recent=6.70 | best=13.91
V-Rep rollout  3300 | recent=6.80 | best=13.91
V-Rep rollout  3400 | recent=10.75 | best=13.91
V-Rep rollout  3500 | recent=9.36 | best=13.91
[V-rep] checkpoint saved → ep=3500
V-Rep rollout  3600 | recent=8.35 | best=13.91
V-Rep rollout  3700 | recent=9.62 | best=13.91
*** NEW BEST V-REP  (avg=14.05) at rollout 3707 ***
V-Rep rollout  3800 | recent=8.45 | best=14.05
V-Rep rollout  3900 | recent=9.79 | best=14.05
V-Rep rollout  4000 | recent=6.30 | best=14.05
[V-rep] checkpoint saved → ep=4000
V-Rep rollout  4100 | recent=12.44 | best=14.05
V-Rep rollout  4200 | recent=8.22 | best=14.05
V-Rep rollout  4300 | recent=7.93 | best=14.05
V-Rep rollout  4400 | recent=7.00 | best=14.05
V-Rep rollout  4500 | recent=12.36 | best=14.05
[V-rep] checkpoint saved → ep=4500
V-Rep rollout  4600 | recent=5.71 | best=14.05
V-Rep rollout  4700 | recent=4.66 | best=14.05
V-Rep rollout  4800 | recent=2.61 | best=14.05
V-Rep rollout  4900 | recent=6.54 | best=14.05
V-Rep rollout  5000 | recent=4.05 | best=14.05
[V-rep] checkpoint saved → ep=5000
V-Rep rollout  5100 | recent=10.98 | best=14.05
V-Rep rollout  5200 | recent=2.73 | best=14.05
V-Rep rollout  5300 | recent=10.87 | best=14.05
V-Rep rollout  5400 | recent=1.58 | best=14.05
V-Rep rollout  5500 | recent=2.24 | best=14.05
[V-rep] checkpoint saved → ep=5500
V-Rep rollout  5600 | recent=6.44 | best=14.05
V-Rep rollout  5700 | recent=7.66 | best=14.05
V-Rep rollout  5800 | recent=10.90 | best=14.05
V-Rep rollout  5900 | recent=3.67 | best=14.05
V-Rep rollout  6000 | recent=6.27 | best=14.05
[V-rep] checkpoint saved → ep=6000
V-Rep rollout  6100 | recent=9.36 | best=14.05
V-Rep rollout  6200 | recent=9.52 | best=14.05
V-Rep rollout  6300 | recent=4.18 | best=14.05
V-Rep rollout  6400 | recent=9.02 | best=14.05
V-Rep rollout  6500 | recent=6.75 | best=14.05
[V-rep] checkpoint saved → ep=6500
V-Rep rollout  6600 | recent=8.21 | best=14.05
V-Rep rollout  6700 | recent=9.53 | best=14.05
V-Rep rollout  6800 | recent=6.92 | best=14.05
V-Rep rollout  6900 | recent=7.01 | best=14.05
V-Rep rollout  7000 | recent=9.45 | best=14.05
[V-rep] checkpoint saved → ep=7000
V-Rep rollout  7100 | recent=4.68 | best=14.05
V-Rep rollout  7200 | recent=8.25 | best=14.05
V-Rep rollout  7300 | recent=6.64 | best=14.05
V-Rep rollout  7400 | recent=6.80 | best=14.05
V-Rep rollout  7500 | recent=9.62 | best=14.05
[V-rep] checkpoint saved → ep=7500
V-Rep rollout  7600 | recent=9.55 | best=14.05
V-Rep rollout  7700 | recent=9.85 | best=14.05
V-Rep rollout  7800 | recent=8.28 | best=14.05
V-Rep rollout  7900 | recent=3.76 | best=14.05
V-Rep rollout  8000 | recent=6.78 | best=14.05
[V-rep] checkpoint saved → ep=8000
V-Rep rollout  8100 | recent=3.70 | best=14.05
V-Rep rollout  8200 | recent=7.99 | best=14.05
V-Rep rollout  8300 | recent=3.90 | best=14.05
V-Rep rollout  8400 | recent=7.01 | best=14.05
V-Rep rollout  8500 | recent=9.57 | best=14.05
[V-rep] checkpoint saved → ep=8500
V-Rep rollout  8600 | recent=8.00 | best=14.05
V-Rep rollout  8700 | recent=5.16 | best=14.05
V-Rep rollout  8800 | recent=9.26 | best=14.05
V-Rep rollout  8900 | recent=11.26 | best=14.05
V-Rep rollout  9000 | recent=2.00 | best=14.05
[V-rep] checkpoint saved → ep=9000
V-Rep rollout  9100 | recent=6.65 | best=14.05
V-Rep rollout  9200 | recent=11.00 | best=14.05
V-Rep rollout  9300 | recent=4.14 | best=14.05
V-Rep rollout  9400 | recent=8.15 | best=14.05
V-Rep rollout  9500 | recent=6.58 | best=14.05
[V-rep] checkpoint saved → ep=9500
V-Rep rollout  9600 | recent=2.45 | best=14.05
V-Rep rollout  9700 | recent=8.10 | best=14.05
V-Rep rollout  9800 | recent=8.02 | best=14.05
V-Rep rollout  9900 | recent=12.35 | best=14.05
V-Rep rollout 10000 | recent=4.09 | best=14.05
[V-rep] checkpoint saved → ep=10000
V-Rep rollout 10100 | recent=6.43 | best=14.05
V-Rep rollout 10200 | recent=6.73 | best=14.05
V-Rep rollout 10300 | recent=5.46 | best=14.05
V-Rep rollout 10400 | recent=3.69 | best=14.05
V-Rep rollout 10500 | recent=6.84 | best=14.05
[V-rep] checkpoint saved → ep=10500
V-Rep rollout 10600 | recent=9.62 | best=14.05
V-Rep rollout 10700 | recent=5.99 | best=14.05
V-Rep rollout 10800 | recent=0.19 | best=14.05
V-Rep rollout 10900 | recent=13.49 | best=14.05
V-Rep rollout 11000 | recent=8.34 | best=14.05
[V-rep] checkpoint saved → ep=11000
V-Rep rollout 11100 | recent=2.65 | best=14.05
V-Rep rollout 11200 | recent=6.87 | best=14.05
V-Rep rollout 11300 | recent=7.46 | best=14.05
V-Rep rollout 11400 | recent=3.56 | best=14.05
V-Rep rollout 11500 | recent=6.80 | best=14.05
[V-rep] checkpoint saved → ep=11500
V-Rep rollout 11600 | recent=6.57 | best=14.05
V-Rep rollout 11700 | recent=5.38 | best=14.05
V-Rep rollout 11800 | recent=5.33 | best=14.05
V-Rep rollout 11900 | recent=2.31 | best=14.05
V-Rep rollout 12000 | recent=3.86 | best=14.05
[V-rep] checkpoint saved → ep=12000
V-Rep rollout 12100 | recent=5.10 | best=14.05
V-Rep rollout 12200 | recent=2.77 | best=14.05
V-Rep rollout 12300 | recent=4.06 | best=14.05
V-Rep rollout 12400 | recent=0.92 | best=14.05
V-Rep rollout 12500 | recent=-0.09 | best=14.05
[V-rep] checkpoint saved → ep=12500
V-Rep rollout 12600 | recent=5.16 | best=14.05
V-Rep rollout 12700 | recent=2.89 | best=14.05
V-Rep rollout 12800 | recent=5.66 | best=14.05
V-Rep rollout 12900 | recent=5.28 | best=14.05
V-Rep rollout 13000 | recent=5.34 | best=14.05
[V-rep] checkpoint saved → ep=13000
V-Rep rollout 13100 | recent=2.72 | best=14.05
V-Rep rollout 13200 | recent=1.41 | best=14.05
V-Rep rollout 13300 | recent=6.67 | best=14.05
V-Rep rollout 13400 | recent=11.17 | best=14.05
V-Rep rollout 13500 | recent=5.62 | best=14.05
[V-rep] checkpoint saved → ep=13500
V-Rep rollout 13600 | recent=2.23 | best=14.05
V-Rep rollout 13700 | recent=6.57 | best=14.05
V-Rep rollout 13800 | recent=3.99 | best=14.05
V-Rep rollout 13900 | recent=6.76 | best=14.05
V-Rep rollout 14000 | recent=8.21 | best=14.05
[V-rep] checkpoint saved → ep=14000
V-Rep rollout 14100 | recent=6.29 | best=14.05
V-Rep rollout 14200 | recent=6.66 | best=14.05
V-Rep rollout 14300 | recent=1.53 | best=14.05
V-Rep rollout 14400 | recent=1.21 | best=14.05
V-Rep rollout 14500 | recent=6.51 | best=14.05
[V-rep] checkpoint saved → ep=14500
V-Rep rollout 14600 | recent=2.46 | best=14.05
V-Rep rollout 14700 | recent=0.11 | best=14.05
V-Rep rollout 14800 | recent=2.81 | best=14.05
V-Rep rollout 14900 | recent=9.18 | best=14.05
V-Rep rollout 15000 | recent=4.01 | best=14.05
[V-rep] checkpoint saved → ep=15000
V-Rep rollout 15100 | recent=3.10 | best=14.05
V-Rep rollout 15200 | recent=8.15 | best=14.05
V-Rep rollout 15300 | recent=5.66 | best=14.05
V-Rep rollout 15400 | recent=7.03 | best=14.05
V-Rep rollout 15500 | recent=7.74 | best=14.05
[V-rep] checkpoint saved → ep=15500
V-Rep rollout 15600 | recent=3.72 | best=14.05
V-Rep rollout 15700 | recent=1.36 | best=14.05
V-Rep rollout 15800 | recent=5.35 | best=14.05
V-Rep rollout 15900 | recent=8.06 | best=14.05
V-Rep rollout 16000 | recent=0.04 | best=14.05
[V-rep] checkpoint saved → ep=16000
V-Rep rollout 16100 | recent=3.76 | best=14.05
V-Rep rollout 16200 | recent=0.72 | best=14.05
V-Rep rollout 16300 | recent=5.51 | best=14.05
V-Rep rollout 16400 | recent=4.36 | best=14.05
V-Rep rollout 16500 | recent=2.56 | best=14.05
[V-rep] checkpoint saved → ep=16500
V-Rep rollout 16600 | recent=4.29 | best=14.05
V-Rep rollout 16700 | recent=6.78 | best=14.05
V-Rep rollout 16800 | recent=6.85 | best=14.05
V-Rep rollout 16900 | recent=3.96 | best=14.05
V-Rep rollout 17000 | recent=0.94 | best=14.05
[V-rep] checkpoint saved → ep=17000
V-Rep rollout 17100 | recent=7.89 | best=14.05
V-Rep rollout 17200 | recent=10.64 | best=14.05
V-Rep rollout 17300 | recent=6.67 | best=14.05
V-Rep rollout 17400 | recent=6.13 | best=14.05
V-Rep rollout 17500 | recent=6.85 | best=14.05
[V-rep] checkpoint saved → ep=17500
V-Rep rollout 17600 | recent=7.82 | best=14.05
V-Rep rollout 17700 | recent=4.97 | best=14.05
V-Rep rollout 17800 | recent=4.86 | best=14.05
V-Rep rollout 17900 | recent=5.53 | best=14.05
V-Rep rollout 18000 | recent=1.26 | best=14.05
[V-rep] checkpoint saved → ep=18000
V-Rep rollout 18100 | recent=2.41 | best=14.05
V-Rep rollout 18200 | recent=3.76 | best=14.05
V-Rep rollout 18300 | recent=-0.23 | best=14.05
V-Rep rollout 18400 | recent=3.96 | best=14.05
V-Rep rollout 18500 | recent=2.65 | best=14.05
[V-rep] checkpoint saved → ep=18500
V-Rep rollout 18600 | recent=6.49 | best=14.05
V-Rep rollout 18700 | recent=5.55 | best=14.05
V-Rep rollout 18800 | recent=6.23 | best=14.05
V-Rep rollout 18900 | recent=1.32 | best=14.05
V-Rep rollout 19000 | recent=-0.32 | best=14.05
[V-rep] checkpoint saved → ep=19000
V-Rep rollout 19100 | recent=2.43 | best=14.05
V-Rep rollout 19200 | recent=4.01 | best=14.05
V-Rep rollout 19300 | recent=1.37 | best=14.05
V-Rep rollout 19400 | recent=1.35 | best=14.05
V-Rep rollout 19500 | recent=1.53 | best=14.05
[V-rep] checkpoint saved → ep=19500
V-Rep rollout 19600 | recent=3.26 | best=14.05
V-Rep rollout 19700 | recent=2.96 | best=14.05
V-Rep rollout 19800 | recent=2.63 | best=14.05
V-Rep rollout 19900 | recent=7.75 | best=14.05
[V-rep] checkpoint saved → ep=19999
[V-rep] Done. Models saved to checkpoints/vrep/
